2024.12.30 10:47:48 INFO  Started: Metals version 1.4.2 in folders 'C:\Users\joste\StarFox 2D Shooter\StarMouse' for client Visual Studio Code 1.96.2.
2024.12.30 10:47:49 INFO  no build target found for C:\Users\joste\StarFox 2D Shooter\StarMouse\src\main\java\rendering\root_renders\RenderOptionsMenu.java. Using presentation compiler with project's scala-library version: 3.3.4
2024.12.30 10:47:51 INFO  no build target found for C:\Users\joste\StarFox 2D Shooter\StarMouse\src\main\java\rendering\root_renders\RenderOptionsMenu.java. Using presentation compiler with project's scala-library version: 3.3.4
2024.12.30 10:47:56 WARN  Running javac-semanticdb failed for file:///C:/Users/joste/StarFox%202D%20Shooter/StarMouse/src/main/java/rendering/root_renders/RenderOptionsMenu.java. Output:

2024.12.30 10:47:56 INFO  time: code lens generation in 1.07s
2024.12.30 10:47:56 WARN  Running javac-semanticdb failed for file:///C:/Users/joste/StarFox%202D%20Shooter/StarMouse/src/main/java/gamestates/flying/Flying.java. Output:

2024.12.30 10:47:56 WARN  Running javac-semanticdb failed for file:///C:/Users/joste/StarFox%202D%20Shooter/StarMouse/src/main/java/rendering/flying/RenderPlayerFly.java. Output:

2024.12.30 10:47:57 WARN  Running javac-semanticdb failed for file:///C:/Users/joste/StarFox%202D%20Shooter/StarMouse/src/main/java/rendering/root_renders/RenderFlying.java. Output:

2024.12.30 10:47:57 WARN  Running javac-semanticdb failed for file:///C:/Users/joste/StarFox%202D%20Shooter/StarMouse/src/main/java/main_classes/View.java. Output:

des. 30, 2024 10:47:58 A.M. scala.meta.internal.pc.CompilerAccess handleError
SEVERE: A severe compiler error occurred, full details of the error can be found in the error report C:\Users\joste\StarFox 2D Shooter\StarMouse\.metals\.reports\metals-full\2024-12-30\r_compiler-error_10-47-58-285.md
des. 30, 2024 10:48:28 A.M. org.eclipse.lsp4j.jsonrpc.services.GenericEndpoint notify
INFO: Unsupported notification method: $/setTrace
des. 30, 2024 10:48:50 A.M. org.eclipse.lsp4j.jsonrpc.services.GenericEndpoint notify
INFO: Unsupported notification method: $/setTrace
2024.12.30 10:49:01 INFO  no build target found for C:\Users\joste\StarFox 2D Shooter\StarMouse\src\main\java\rendering\root_renders\RenderOptionsMenu.java. Using presentation compiler with project's scala-library version: 3.3.4
2024.12.30 10:49:01 INFO  no build target found for C:\Users\joste\StarFox 2D Shooter\StarMouse\src\main\java\rendering\root_renders\RenderOptionsMenu.java. Using presentation compiler with project's scala-library version: 3.3.4
2024.12.30 10:49:03 INFO  no build target found for C:\Users\joste\StarFox 2D Shooter\StarMouse\src\main\java\rendering\root_renders\RenderOptionsMenu.java. Using presentation compiler with project's scala-library version: 3.3.4
2024.12.30 10:49:03 INFO  no build target found for C:\Users\joste\StarFox 2D Shooter\StarMouse\src\main\java\rendering\root_renders\RenderOptionsMenu.java. Using presentation compiler with project's scala-library version: 3.3.4
des. 30, 2024 10:49:04 A.M. scala.meta.internal.pc.CompilerAccess handleError
SEVERE: A severe compiler error occurred, full details of the error can be found in the error report C:\Users\joste\StarFox 2D Shooter\StarMouse\.metals\.reports\metals-full\2024-12-30\r_compiler-error_10-49-04-167.md
2024.12.30 10:49:17 INFO  no build target found for C:\Users\joste\StarFox 2D Shooter\StarMouse\src\main\java\rendering\root_renders\RenderOptionsMenu.java. Using presentation compiler with project's scala-library version: 3.3.4
2024.12.30 10:49:17 WARN  no build target for: C:\Users\joste\StarFox 2D Shooter\StarMouse\src\main\java\rendering\root_renders\RenderOptionsMenu.java
2024.12.30 10:49:17 INFO  no build target found for C:\Users\joste\StarFox 2D Shooter\StarMouse\src\main\java\rendering\root_renders\RenderOptionsMenu.java. Using presentation compiler with project's scala-library version: 3.3.4
des. 30, 2024 10:49:18 A.M. scala.meta.internal.pc.CompilerAccess handleError
SEVERE: A severe compiler error occurred, full details of the error can be found in the error report C:\Users\joste\StarFox 2D Shooter\StarMouse\.metals\.reports\metals-full\2024-12-30\r_compiler-error_10-49-18-000.md
2024.12.30 10:49:25 INFO  no build target found for C:\Users\joste\StarFox 2D Shooter\StarMouse\src\main\java\rendering\root_renders\RenderOptionsMenu.java. Using presentation compiler with project's scala-library version: 3.3.4
des. 30, 2024 10:49:25 A.M. scala.meta.internal.pc.CompilerAccess handleError
SEVERE: A severe compiler error occurred, full details of the error can be found in the error report C:\Users\joste\StarFox 2D Shooter\StarMouse\.metals\.reports\metals-full\2024-12-30\r_compiler-error_10-49-25-481.md
2024.12.30 10:49:25 INFO  no build target found for C:\Users\joste\StarFox 2D Shooter\StarMouse\src\main\java\rendering\root_renders\RenderOptionsMenu.java. Using presentation compiler with project's scala-library version: 3.3.4
2024.12.30 10:49:25 INFO  no build target found for C:\Users\joste\StarFox 2D Shooter\StarMouse\src\main\java\rendering\root_renders\RenderOptionsMenu.java. Using presentation compiler with project's scala-library version: 3.3.4
des. 30, 2024 10:49:25 A.M. scala.meta.internal.pc.CompilerAccess handleError
SEVERE: A severe compiler error occurred, full details of the error can be found in the error report C:\Users\joste\StarFox 2D Shooter\StarMouse\.metals\.reports\metals-full\2024-12-30\r_compiler-error_10-49-25-905.md
2024.12.30 10:49:25 INFO  no build target found for C:\Users\joste\StarFox 2D Shooter\StarMouse\src\main\java\rendering\root_renders\RenderOptionsMenu.java. Using presentation compiler with project's scala-library version: 3.3.4
2024.12.30 10:49:25 INFO  no build target found for C:\Users\joste\StarFox 2D Shooter\StarMouse\src\main\java\rendering\root_renders\RenderOptionsMenu.java. Using presentation compiler with project's scala-library version: 3.3.4
2024.12.30 10:49:26 WARN  Running javac-semanticdb failed for file:///C:/Users/joste/StarFox%202D%20Shooter/StarMouse/src/main/java/rendering/root_renders/RenderOptionsMenu.java. Output:

2024.12.30 10:49:26 INFO  no build target found for C:\Users\joste\StarFox 2D Shooter\StarMouse\src\main\java\rendering\root_renders\RenderOptionsMenu.java. Using presentation compiler with project's scala-library version: 3.3.4
2024.12.30 10:49:26 INFO  no build target found for C:\Users\joste\StarFox 2D Shooter\StarMouse\src\main\java\rendering\root_renders\RenderOptionsMenu.java. Using presentation compiler with project's scala-library version: 3.3.4
des. 30, 2024 10:49:27 A.M. scala.meta.internal.pc.CompilerAccess handleError
SEVERE: A severe compiler error occurred, full details of the error can be found in the error report C:\Users\joste\StarFox 2D Shooter\StarMouse\.metals\.reports\metals-full\2024-12-30\r_compiler-error_10-49-27-266.md
2024.12.30 10:49:27 WARN  no build target for: C:\Users\joste\StarFox 2D Shooter\StarMouse\src\main\java\rendering\root_renders\RenderOptionsMenu.java
2024.12.30 10:49:26 INFO  no build target found for C:\Users\joste\StarFox 2D Shooter\StarMouse\src\main\java\rendering\root_renders\RenderOptionsMenu.java. Using presentation compiler with project's scala-library version: 3.3.4
des. 30, 2024 10:49:27 A.M. scala.meta.internal.pc.CompilerAccess handleError
SEVERE: A severe compiler error occurred, full details of the error can be found in the error report C:\Users\joste\StarFox 2D Shooter\StarMouse\.metals\.reports\metals-full\2024-12-30\r_compiler-error_10-49-27-684.md
2024.12.30 10:50:36 INFO  no build target found for C:\Users\joste\StarFox 2D Shooter\StarMouse\src\main\java\rendering\root_renders\RenderOptionsMenu.java. Using presentation compiler with project's scala-library version: 3.3.4
2024.12.30 10:50:36 INFO  no build target found for C:\Users\joste\StarFox 2D Shooter\StarMouse\src\main\java\rendering\root_renders\RenderOptionsMenu.java. Using presentation compiler with project's scala-library version: 3.3.4
2024.12.30 10:50:37 INFO  no build target found for C:\Users\joste\StarFox 2D Shooter\StarMouse\src\main\java\rendering\root_renders\RenderOptionsMenu.java. Using presentation compiler with project's scala-library version: 3.3.4
2024.12.30 10:50:38 INFO  no build target found for C:\Users\joste\StarFox 2D Shooter\StarMouse\src\main\java\rendering\root_renders\RenderOptionsMenu.java. Using presentation compiler with project's scala-library version: 3.3.4
des. 30, 2024 10:50:38 A.M. scala.meta.internal.pc.CompilerAccess handleError
SEVERE: A severe compiler error occurred, full details of the error can be found in the error report C:\Users\joste\StarFox 2D Shooter\StarMouse\.metals\.reports\metals-full\2024-12-30\r_compiler-error_10-50-38-628.md
2024.12.30 10:50:39 INFO  no build target found for C:\Users\joste\StarFox 2D Shooter\StarMouse\src\main\java\rendering\root_renders\RenderOptionsMenu.java. Using presentation compiler with project's scala-library version: 3.3.4
2024.12.30 10:50:39 INFO  no build target found for C:\Users\joste\StarFox 2D Shooter\StarMouse\src\main\java\rendering\root_renders\RenderOptionsMenu.java. Using presentation compiler with project's scala-library version: 3.3.4
2024.12.30 10:50:39 INFO  no build target found for C:\Users\joste\StarFox 2D Shooter\StarMouse\src\main\java\rendering\root_renders\RenderOptionsMenu.java. Using presentation compiler with project's scala-library version: 3.3.4
des. 30, 2024 10:50:39 A.M. scala.meta.internal.pc.CompilerAccess handleError
SEVERE: A severe compiler error occurred, full details of the error can be found in the error report C:\Users\joste\StarFox 2D Shooter\StarMouse\.metals\.reports\metals-full\2024-12-30\r_compiler-error_10-50-39-945.md
2024.12.30 10:50:40 INFO  no build target found for C:\Users\joste\StarFox 2D Shooter\StarMouse\src\main\java\rendering\root_renders\RenderOptionsMenu.java. Using presentation compiler with project's scala-library version: 3.3.4
2024.12.30 10:50:40 INFO  no build target found for C:\Users\joste\StarFox 2D Shooter\StarMouse\src\main\java\rendering\root_renders\RenderOptionsMenu.java. Using presentation compiler with project's scala-library version: 3.3.4
2024.12.30 10:50:40 INFO  no build target found for C:\Users\joste\StarFox 2D Shooter\StarMouse\src\main\java\rendering\root_renders\RenderOptionsMenu.java. Using presentation compiler with project's scala-library version: 3.3.4
2024.12.30 10:50:41 WARN  Running javac-semanticdb failed for file:///C:/Users/joste/StarFox%202D%20Shooter/StarMouse/src/main/java/rendering/root_renders/RenderOptionsMenu.java. Output:

2024.12.30 10:50:42 INFO  no build target found for C:\Users\joste\StarFox 2D Shooter\StarMouse\src\main\java\rendering\root_renders\RenderOptionsMenu.java. Using presentation compiler with project's scala-library version: 3.3.4
des. 30, 2024 10:50:42 A.M. scala.meta.internal.pc.CompilerAccess handleError
SEVERE: A severe compiler error occurred, full details of the error can be found in the error report C:\Users\joste\StarFox 2D Shooter\StarMouse\.metals\.reports\metals-full\2024-12-30\r_compiler-error_10-50-42-158.md
2024.12.30 10:50:42 WARN  no build target for: C:\Users\joste\StarFox 2D Shooter\StarMouse\src\main\java\rendering\root_renders\RenderOptionsMenu.java
2024.12.30 10:50:42 INFO  no build target found for C:\Users\joste\StarFox 2D Shooter\StarMouse\src\main\java\rendering\root_renders\RenderOptionsMenu.java. Using presentation compiler with project's scala-library version: 3.3.4
des. 30, 2024 10:50:42 A.M. scala.meta.internal.pc.CompilerAccess handleError
SEVERE: A severe compiler error occurred, full details of the error can be found in the error report C:\Users\joste\StarFox 2D Shooter\StarMouse\.metals\.reports\metals-full\2024-12-30\r_compiler-error_10-50-42-785.md
2024.12.30 10:50:43 INFO  no build target found for C:\Users\joste\StarFox 2D Shooter\StarMouse\src\main\java\rendering\root_renders\RenderOptionsMenu.java. Using presentation compiler with project's scala-library version: 3.3.4
des. 30, 2024 10:50:43 A.M. scala.meta.internal.pc.CompilerAccess handleError
SEVERE: A severe compiler error occurred, full details of the error can be found in the error report C:\Users\joste\StarFox 2D Shooter\StarMouse\.metals\.reports\metals-full\2024-12-30\r_compiler-error_10-50-43-838.md
2024.12.30 10:50:44 INFO  no build target found for C:\Users\joste\StarFox 2D Shooter\StarMouse\src\main\java\rendering\root_renders\RenderFlying.java. Using presentation compiler with project's scala-library version: 3.3.4
2024.12.30 10:50:44 INFO  no build target found for C:\Users\joste\StarFox 2D Shooter\StarMouse\src\main\java\rendering\root_renders\RenderFlying.java. Using presentation compiler with project's scala-library version: 3.3.4
2024.12.30 10:50:45 INFO  no build target found for C:\Users\joste\StarFox 2D Shooter\StarMouse\src\main\java\rendering\root_renders\RenderFlying.java. Using presentation compiler with project's scala-library version: 3.3.4
des. 30, 2024 10:50:45 A.M. scala.meta.internal.pc.CompilerAccess handleError
SEVERE: A severe compiler error occurred, full details of the error can be found in the error report C:\Users\joste\StarFox 2D Shooter\StarMouse\.metals\.reports\metals-full\2024-12-30\r_compiler-error_10-50-45-406.md
2024.12.30 10:50:44 INFO  no build target found for C:\Users\joste\StarFox 2D Shooter\StarMouse\src\main\java\rendering\root_renders\RenderFlying.java. Using presentation compiler with project's scala-library version: 3.3.4
2024.12.30 10:50:46 INFO  no build target found for C:\Users\joste\StarFox 2D Shooter\StarMouse\src\main\java\rendering\root_renders\RenderFlying.java. Using presentation compiler with project's scala-library version: 3.3.4
2024.12.30 10:50:46 INFO  no build target found for C:\Users\joste\StarFox 2D Shooter\StarMouse\src\main\java\rendering\root_renders\RenderFlying.java. Using presentation compiler with project's scala-library version: 3.3.4
2024.12.30 10:50:46 INFO  no build target found for C:\Users\joste\StarFox 2D Shooter\StarMouse\src\main\java\rendering\root_renders\RenderFlying.java. Using presentation compiler with project's scala-library version: 3.3.4
2024.12.30 10:50:47 WARN  Running javac-semanticdb failed for file:///C:/Users/joste/StarFox%202D%20Shooter/StarMouse/src/main/java/rendering/root_renders/RenderFlying.java. Output:

2024.12.30 10:50:47 INFO  no build target found for C:\Users\joste\StarFox 2D Shooter\StarMouse\src\main\java\rendering\root_renders\RenderFlying.java. Using presentation compiler with project's scala-library version: 3.3.4
des. 30, 2024 10:50:47 A.M. scala.meta.internal.pc.CompilerAccess handleError
SEVERE: A severe compiler error occurred, full details of the error can be found in the error report C:\Users\joste\StarFox 2D Shooter\StarMouse\.metals\.reports\metals-full\2024-12-30\r_compiler-error_10-50-47-274.md
2024.12.30 10:50:47 INFO  no build target found for C:\Users\joste\StarFox 2D Shooter\StarMouse\src\main\java\rendering\root_renders\RenderFlying.java. Using presentation compiler with project's scala-library version: 3.3.4
2024.12.30 10:50:47 WARN  no build target for: C:\Users\joste\StarFox 2D Shooter\StarMouse\src\main\java\rendering\root_renders\RenderFlying.java
2024.12.30 10:50:47 INFO  no build target found for C:\Users\joste\StarFox 2D Shooter\StarMouse\src\main\java\rendering\root_renders\RenderFlying.java. Using presentation compiler with project's scala-library version: 3.3.4
des. 30, 2024 10:50:48 A.M. scala.meta.internal.pc.CompilerAccess handleError
SEVERE: A severe compiler error occurred, full details of the error can be found in the error report C:\Users\joste\StarFox 2D Shooter\StarMouse\.metals\.reports\metals-full\2024-12-30\r_compiler-error_10-50-48-058.md
2024.12.30 10:50:48 INFO  no build target found for C:\Users\joste\StarFox 2D Shooter\StarMouse\src\main\java\rendering\root_renders\RenderFlying.java. Using presentation compiler with project's scala-library version: 3.3.4
2024.12.30 10:50:48 INFO  no build target found for C:\Users\joste\StarFox 2D Shooter\StarMouse\src\main\java\rendering\root_renders\RenderFlying.java. Using presentation compiler with project's scala-library version: 3.3.4
2024.12.30 10:50:49 WARN  Running javac-semanticdb failed for file:///C:/Users/joste/StarFox%202D%20Shooter/StarMouse/src/main/java/rendering/root_renders/RenderFlying.java. Output:

2024.12.30 10:50:49 INFO  no build target found for C:\Users\joste\StarFox 2D Shooter\StarMouse\src\main\java\rendering\root_renders\RenderFlying.java. Using presentation compiler with project's scala-library version: 3.3.4
des. 30, 2024 10:50:49 A.M. scala.meta.internal.pc.CompilerAccess handleError
SEVERE: A severe compiler error occurred, full details of the error can be found in the error report C:\Users\joste\StarFox 2D Shooter\StarMouse\.metals\.reports\metals-full\2024-12-30\r_compiler-error_10-50-49-261.md
2024.12.30 10:50:48 INFO  no build target found for C:\Users\joste\StarFox 2D Shooter\StarMouse\src\main\java\rendering\root_renders\RenderFlying.java. Using presentation compiler with project's scala-library version: 3.3.4
2024.12.30 10:50:50 WARN  no build target for: C:\Users\joste\StarFox 2D Shooter\StarMouse\src\main\java\rendering\root_renders\RenderFlying.java
2024.12.30 10:50:50 INFO  no build target found for C:\Users\joste\StarFox 2D Shooter\StarMouse\src\main\java\rendering\root_renders\RenderFlying.java. Using presentation compiler with project's scala-library version: 3.3.4
des. 30, 2024 10:50:50 A.M. scala.meta.internal.pc.CompilerAccess handleError
SEVERE: A severe compiler error occurred, full details of the error can be found in the error report C:\Users\joste\StarFox 2D Shooter\StarMouse\.metals\.reports\metals-full\2024-12-30\r_compiler-error_10-50-50-533.md
2024.12.30 10:50:51 INFO  no build target found for C:\Users\joste\StarFox 2D Shooter\StarMouse\src\main\java\rendering\root_renders\RenderFlying.java. Using presentation compiler with project's scala-library version: 3.3.4
2024.12.30 10:50:51 INFO  no build target found for C:\Users\joste\StarFox 2D Shooter\StarMouse\src\main\java\rendering\root_renders\RenderOptionsMenu.java. Using presentation compiler with project's scala-library version: 3.3.4
2024.12.30 10:50:52 INFO  no build target found for C:\Users\joste\StarFox 2D Shooter\StarMouse\src\main\java\rendering\root_renders\RenderOptionsMenu.java. Using presentation compiler with project's scala-library version: 3.3.4
2024.12.30 10:50:52 INFO  no build target found for C:\Users\joste\StarFox 2D Shooter\StarMouse\src\main\java\rendering\root_renders\RenderOptionsMenu.java. Using presentation compiler with project's scala-library version: 3.3.4
des. 30, 2024 10:50:52 A.M. scala.meta.internal.pc.CompilerAccess handleError
SEVERE: A severe compiler error occurred, full details of the error can be found in the error report C:\Users\joste\StarFox 2D Shooter\StarMouse\.metals\.reports\metals-full\2024-12-30\r_compiler-error_10-50-52-822.md
2024.12.30 10:50:55 INFO  Shutting down server
2024.12.30 10:50:55 INFO  shutting down Metals
2024.12.30 10:50:55 INFO  Exiting server
